[2025-08-22 16:11:05,444 W 994802 994802] global_state_accessor.cc:435: Retrying to get node with node ID a608c17e410d48fc738161f9c3f87084a3aa62252500672a04440209
[2025-08-22 16:11:05,447 W 2237492 2237492] global_state_accessor.cc:435: Retrying to get node with node ID 069a04541e2f52451ba9f8d05bf05426ab702caaee1e79787f4bfa2d
[2025-08-22 16:11:05,448 W 3578352 3578352] global_state_accessor.cc:435: Retrying to get node with node ID 3262426cb93cca416313f880c3aa811e09b36f42a1dc4357406ad182
[2025-08-22 16:11:05,450 W 964886 964886] global_state_accessor.cc:435: Retrying to get node with node ID f94c3b009f8a34d5d54f9db1c4ccfa73a6965a064e088eab3e2e1375
[2025-08-22 16:11:05,452 W 978436 978436] global_state_accessor.cc:435: Retrying to get node with node ID 6d87f2712a0f06c612374527902edc1adc47da0c525294e6b02c8065
[2025-08-22 16:11:05,455 W 984689 984689] global_state_accessor.cc:435: Retrying to get node with node ID 5476809c1b21dd931d1c8ecccec01c9bf85266d56c9c42d38737c35e
[2025-08-22 16:11:05,456 W 1056358 1056358] global_state_accessor.cc:435: Retrying to get node with node ID 0d7c96488a79b74e90711adddaf35da2184b321c40850fbcc3bbe792
[2025-08-22 16:11:05,458 W 974282 974282] global_state_accessor.cc:435: Retrying to get node with node ID 5cb5e4ad95dc21767ba96a6e498e27a8fd3276994362f64e71dfaddc
[2025-08-22 16:11:05,468 W 922665 922665] global_state_accessor.cc:435: Retrying to get node with node ID c4279a3d889b1f1835014762adcab66ab2299600ec5542f8b89782b3
[2025-08-22 16:11:05,470 W 970133 970133] global_state_accessor.cc:435: Retrying to get node with node ID c5c7a4624d20df3666d73bc31943d34ba10afa8cadcc68bc3bc94ff4
[2025-08-22 16:11:08,241 W 1140453 1140453] global_state_accessor.cc:435: Retrying to get node with node ID b343443c5d5953b10ba563f0640d878cd73f4bc4763136b27087e87c
2025-08-22 16:11:22,952	INFO dashboard_sdk.py:338 -- Uploading package gcs://_ray_pkg_c28925bb2aafa18b.zip.
2025-08-22 16:11:22,952	INFO packaging.py:588 -- Creating a file package for local module '/home1/10913/myang13/verl'.
/var/spool/slurmd/job337702/slurm_script: line 88: [: -ne: unary operator expected
srun: Job step aborted: Waiting up to 32 seconds for job step to finish.
srun: Job step aborted: Waiting up to 32 seconds for job step to finish.
srun: Job step aborted: Waiting up to 32 seconds for job step to finish.
srun: Job step aborted: Waiting up to 32 seconds for job step to finish.
srun: Job step aborted: Waiting up to 32 seconds for job step to finish.
srun: Job step aborted: Waiting up to 32 seconds for job step to finish.
srun: Job step aborted: Waiting up to 32 seconds for job step to finish.
srun: Job step aborted: Waiting up to 32 seconds for job step to finish.
srun: Job step aborted: Waiting up to 32 seconds for job step to finish.
srun: Job step aborted: Waiting up to 32 seconds for job step to finish.
srun: Job step aborted: Waiting up to 32 seconds for job step to finish.
srun: Job step aborted: Waiting up to 32 seconds for job step to finish.
srun: Job step aborted: Waiting up to 32 seconds for job step to finish.
srun: Job step aborted: Waiting up to 32 seconds for job step to finish.
srun: Job step aborted: Waiting up to 32 seconds for job step to finish.
srun: Job step aborted: Waiting up to 32 seconds for job step to finish.
slurmstepd: error: *** STEP 337702.13 ON c622-052 CANCELLED AT 2025-08-22T16:24:59 ***
slurmstepd: error: *** STEP 337702.6 ON c621-152 CANCELLED AT 2025-08-22T16:24:59 ***
slurmstepd: error: *** STEP 337702.12 ON c622-002 CANCELLED AT 2025-08-22T16:24:59 ***
slurmstepd: error: *** STEP 337702.5 ON c622-011 CANCELLED AT 2025-08-22T16:24:59 ***
slurmstepd: error: *** STEP 337702.11 ON c622-021 CANCELLED AT 2025-08-22T16:24:59 ***
slurmstepd: error: *** STEP 337702.4 ON c622-032 CANCELLED AT 2025-08-22T16:24:59 ***
slurmstepd: error: *** STEP 337702.15 ON c622-041 CANCELLED AT 2025-08-22T16:24:59 ***
slurmstepd: error: *** STEP 337702.8 ON c622-061 CANCELLED AT 2025-08-22T16:24:59 ***
slurmstepd: error: *** STEP 337702.7 ON c622-042 CANCELLED AT 2025-08-22T16:24:59 ***
slurmstepd: error: *** STEP 337702.3 ON c622-051 CANCELLED AT 2025-08-22T16:24:59 ***
slurmstepd: error: *** STEP 337702.10 ON c622-022 CANCELLED AT 2025-08-22T16:24:59 ***
slurmstepd: error: *** STEP 337702.2 ON c622-001 CANCELLED AT 2025-08-22T16:24:59 ***
slurmstepd: error: *** STEP 337702.9 ON c622-012 CANCELLED AT 2025-08-22T16:24:59 ***
slurmstepd: error: *** STEP 337702.16 ON c622-062 CANCELLED AT 2025-08-22T16:24:59 ***
slurmstepd: error: *** STEP 337702.14 ON c622-031 CANCELLED AT 2025-08-22T16:24:59 ***
srun: got SIGCONT
srun: got SIGCONT
srun: got SIGCONT
srun: got SIGCONT
srun: got SIGCONT
srun: got SIGCONT
srun: got SIGCONT
srun: got SIGCONT
srun: got SIGCONT
srun: got SIGCONT
srun: got SIGCONT
srun: got SIGCONT
srun: got SIGCONT
srun: got SIGCONT
srun: got SIGCONT
srun: got SIGCONT
slurmstepd: error: *** JOB 337702 ON c621-151 CANCELLED AT 2025-08-22T16:24:59 ***
srun: forcing job termination
srun: forcing job termination
srun: forcing job termination
srun: forcing job termination
srun: forcing job termination
srun: forcing job termination
srun: forcing job termination
srun: forcing job termination
srun: forcing job termination
srun: forcing job termination
srun: forcing job termination
srun: forcing job termination
srun: forcing job termination
srun: forcing job termination
srun: forcing job termination
srun: forcing job termination
slurmstepd: error: *** STEP 337702.1 ON c621-151 CANCELLED AT 2025-08-22T16:24:59 ***
srun: error: c622-052: task 0: Exited with exit code 1
srun: error: c622-061: task 0: Exited with exit code 1
srun: error: c621-152: task 0: Exited with exit code 1
srun: error: c622-011: task 0: Exited with exit code 1
srun: error: c622-022: task 0: Exited with exit code 1
srun: error: c622-042: task 0: Exited with exit code 1
srun: error: c622-012: task 0: Exited with exit code 1
srun: error: c622-032: task 0: Exited with exit code 1
srun: error: c622-002: task 0: Exited with exit code 1
srun: error: c622-021: task 0: Exited with exit code 1
srun: error: c622-001: task 0: Exited with exit code 1
srun: error: c622-041: task 0: Exited with exit code 1
srun: error: c622-051: task 0: Exited with exit code 1
srun: error: c622-062: task 0: Exited with exit code 1
srun: error: c622-031: task 0: Exited with exit code 1
srun: error: c621-151: task 0: Exited with exit code 1
