Traceback (most recent call last):
  File "<string>", line 1, in <module>
    import triton; print(f'Triton version: {triton.__version__}')
    ^^^^^^^^^^^^^
ModuleNotFoundError: No module named 'triton'
Traceback (most recent call last):
  File "<string>", line 1, in <module>
    import vllm; print(f'vLLM version: {vllm.__version__}')
    ^^^^^^^^^^^
ModuleNotFoundError: No module named 'vllm'
[2025-08-22 14:48:00,480 W 970205 970205] global_state_accessor.cc:435: Retrying to get node with node ID bf6c2320590c4858e418cb368f1f514433d580e0094468ea9fc774ba
[2025-08-22 14:48:00,541 W 2501955 2501955] global_state_accessor.cc:435: Retrying to get node with node ID 213011cc8b09b0df59885799df7eaebc2d39f62792dfba5098fdb878
[2025-08-22 14:48:00,559 W 2488620 2488620] global_state_accessor.cc:435: Retrying to get node with node ID ca4d0e8c70bf1b9eaf1bd35a3e42b3fd3e1ff79a6c3832a7384acde7
2025-08-22 14:48:26,250	INFO dashboard_sdk.py:338 -- Uploading package gcs://_ray_pkg_64fd06042c7bcb9b.zip.
2025-08-22 14:48:26,251	INFO packaging.py:588 -- Creating a file package for local module '/home1/10913/myang13/verl'.
/var/spool/slurmd/job337386/slurm_script: line 98: [: -ne: unary operator expected
srun: Job step aborted: Waiting up to 32 seconds for job step to finish.
srun: Job step aborted: Waiting up to 32 seconds for job step to finish.
srun: Job step aborted: Waiting up to 32 seconds for job step to finish.
srun: Job step aborted: Waiting up to 32 seconds for job step to finish.
slurmstepd: error: *** STEP 337386.4 ON c622-122 CANCELLED AT 2025-08-22T16:10:23 ***
slurmstepd: error: *** STEP 337386.2 ON c622-121 CANCELLED AT 2025-08-22T16:10:23 ***
slurmstepd: error: *** STEP 337386.3 ON c622-131 CANCELLED AT 2025-08-22T16:10:23 ***
srun: got SIGCONT
srun: got SIGCONT
srun: got SIGCONT
srun: got SIGCONT
slurmstepd: error: *** STEP 337386.1 ON c622-112 CANCELLED AT 2025-08-22T16:10:23 ***
slurmstepd: error: *** JOB 337386 ON c622-112 CANCELLED AT 2025-08-22T16:10:23 ***
srun: forcing job termination
srun: forcing job termination
srun: forcing job termination
srun: forcing job termination
srun: error: c622-112: task 0: Exited with exit code 1
srun: error: c622-131: task 0: Exited with exit code 1
srun: error: c622-122: task 0: Exited with exit code 1
srun: error: c622-121: task 0: Exited with exit code 1
